{"__type":"$$EventMessageAudit","id":"29b1845b-972e-4a66-92d0-0089b5a28126","ts":"2025-10-18T02:13:12.167+00:00","eventName":"n8n.audit.workflow.created","message":"n8n.audit.workflow.created","payload":{"userId":"1e412a57-6539-490b-86bb-e932f96cf893","_email":"vss786952@gmail.com","_firstName":"Vitor","_lastName":"Santos","globalRole":"global:owner","workflowId":"T29q61S872Uy2Veo","workflowName":"My workflow"}}
{"__type":"$$EventMessageConfirm","confirm":"29b1845b-972e-4a66-92d0-0089b5a28126","ts":"2025-10-18T02:13:12.315+00:00","source":{"id":"0","name":"eventBus"}}
{"__type":"$$EventMessageAudit","id":"cab176ca-576a-4b4e-80e5-9f88cd648be6","ts":"2025-10-18T02:13:53.759+00:00","eventName":"n8n.audit.workflow.created","message":"n8n.audit.workflow.created","payload":{"userId":"1e412a57-6539-490b-86bb-e932f96cf893","_email":"vss786952@gmail.com","_firstName":"Vitor","_lastName":"Santos","globalRole":"global:owner","workflowId":"QNPcEcqV6ViwB1pi","workflowName":"My workflow"}}
{"__type":"$$EventMessageConfirm","confirm":"cab176ca-576a-4b4e-80e5-9f88cd648be6","ts":"2025-10-18T02:13:53.772+00:00","source":{"id":"0","name":"eventBus"}}
{"__type":"$$EventMessageAudit","id":"13a48894-eac0-44b4-a0b3-36e15e2e6ca9","ts":"2025-10-18T02:13:54.493+00:00","eventName":"n8n.audit.workflow.created","message":"n8n.audit.workflow.created","payload":{"userId":"1e412a57-6539-490b-86bb-e932f96cf893","_email":"vss786952@gmail.com","_firstName":"Vitor","_lastName":"Santos","globalRole":"global:owner","workflowId":"WL1BB7PonEyYx37W","workflowName":"My workflow"}}
{"__type":"$$EventMessageConfirm","confirm":"13a48894-eac0-44b4-a0b3-36e15e2e6ca9","ts":"2025-10-18T02:13:54.493+00:00","source":{"id":"0","name":"eventBus"}}
{"__type":"$$EventMessageAudit","id":"0fc8c047-e1c0-4e9d-9f95-33f531787286","ts":"2025-10-18T02:13:55.081+00:00","eventName":"n8n.audit.workflow.created","message":"n8n.audit.workflow.created","payload":{"userId":"1e412a57-6539-490b-86bb-e932f96cf893","_email":"vss786952@gmail.com","_firstName":"Vitor","_lastName":"Santos","globalRole":"global:owner","workflowId":"1v2FRqPItcVtGRvX","workflowName":"My workflow"}}
{"__type":"$$EventMessageConfirm","confirm":"0fc8c047-e1c0-4e9d-9f95-33f531787286","ts":"2025-10-18T02:13:55.081+00:00","source":{"id":"0","name":"eventBus"}}
{"__type":"$$EventMessageWorkflow","id":"d3c05d40-6cdf-4536-a30d-5acc5fb466c5","ts":"2025-10-18T02:13:55.902+00:00","eventName":"n8n.workflow.started","message":"n8n.workflow.started","payload":{"executionId":"1","workflowId":"T29q61S872Uy2Veo","isManual":false,"workflowName":"My workflow"}}
{"__type":"$$EventMessageConfirm","confirm":"d3c05d40-6cdf-4536-a30d-5acc5fb466c5","ts":"2025-10-18T02:13:55.904+00:00","source":{"id":"0","name":"eventBus"}}
{"__type":"$$EventMessageNode","id":"4a85bfb3-8488-4f23-bb3d-9e24a31d2551","ts":"2025-10-18T02:13:55.935+00:00","eventName":"n8n.node.started","message":"n8n.node.started","payload":{"workflowId":"T29q61S872Uy2Veo","workflowName":"My workflow","executionId":"1","nodeType":"n8n-nodes-base.manualTrigger","nodeName":"When clicking ‘Execute workflow’","nodeId":"da98bb48-4f46-45ef-8c3d-937d7296c0d6"}}
{"__type":"$$EventMessageConfirm","confirm":"4a85bfb3-8488-4f23-bb3d-9e24a31d2551","ts":"2025-10-18T02:13:55.935+00:00","source":{"id":"0","name":"eventBus"}}
{"__type":"$$EventMessageNode","id":"2609f4a0-ec59-4b2b-a20a-f7113d3262f0","ts":"2025-10-18T02:13:56.007+00:00","eventName":"n8n.node.finished","message":"n8n.node.finished","payload":{"workflowId":"T29q61S872Uy2Veo","workflowName":"My workflow","executionId":"1","nodeType":"n8n-nodes-base.manualTrigger","nodeName":"When clicking ‘Execute workflow’","nodeId":"da98bb48-4f46-45ef-8c3d-937d7296c0d6"}}
{"__type":"$$EventMessageConfirm","confirm":"2609f4a0-ec59-4b2b-a20a-f7113d3262f0","ts":"2025-10-18T02:13:56.007+00:00","source":{"id":"0","name":"eventBus"}}
{"__type":"$$EventMessageNode","id":"7d3291b6-52d3-48ec-b596-ed8aa498bec2","ts":"2025-10-18T02:13:56.019+00:00","eventName":"n8n.node.started","message":"n8n.node.started","payload":{"workflowId":"T29q61S872Uy2Veo","workflowName":"My workflow","executionId":"1","nodeType":"n8n-nodes-base.httpRequest","nodeName":"HTTP Request","nodeId":"5695162d-7897-4752-8a3d-49f41acf1c39"}}
{"__type":"$$EventMessageConfirm","confirm":"7d3291b6-52d3-48ec-b596-ed8aa498bec2","ts":"2025-10-18T02:13:56.019+00:00","source":{"id":"0","name":"eventBus"}}
{"__type":"$$EventMessageNode","id":"60174d42-56e8-4775-8df1-1987950b9db3","ts":"2025-10-18T02:14:00.710+00:00","eventName":"n8n.node.finished","message":"n8n.node.finished","payload":{"workflowId":"T29q61S872Uy2Veo","workflowName":"My workflow","executionId":"1","nodeType":"n8n-nodes-base.httpRequest","nodeName":"HTTP Request","nodeId":"5695162d-7897-4752-8a3d-49f41acf1c39"}}
{"__type":"$$EventMessageConfirm","confirm":"60174d42-56e8-4775-8df1-1987950b9db3","ts":"2025-10-18T02:14:00.712+00:00","source":{"id":"0","name":"eventBus"}}
{"__type":"$$EventMessageWorkflow","id":"b0bdd67b-ddc8-43f5-979b-c8c2f4d1927f","ts":"2025-10-18T02:14:00.921+00:00","eventName":"n8n.workflow.failed","message":"n8n.workflow.failed","payload":{"userId":"1e412a57-6539-490b-86bb-e932f96cf893","executionId":"1","success":false,"isManual":true,"workflowId":"T29q61S872Uy2Veo","workflowName":"My workflow","lastNodeExecuted":"HTTP Request","errorNodeType":"n8n-nodes-base.httpRequest","errorMessage":"The service refused the connection - perhaps it is offline"}}
{"__type":"$$EventMessageConfirm","confirm":"b0bdd67b-ddc8-43f5-979b-c8c2f4d1927f","ts":"2025-10-18T02:14:00.962+00:00","source":{"id":"0","name":"eventBus"}}
{"__type":"$$EventMessageWorkflow","id":"03a0f587-be6c-4064-bbb9-fa07f231b6fa","ts":"2025-10-18T02:14:27.698+00:00","eventName":"n8n.workflow.started","message":"n8n.workflow.started","payload":{"executionId":"2","workflowId":"QNPcEcqV6ViwB1pi","isManual":false,"workflowName":"My workflow"}}
{"__type":"$$EventMessageConfirm","confirm":"03a0f587-be6c-4064-bbb9-fa07f231b6fa","ts":"2025-10-18T02:14:27.714+00:00","source":{"id":"0","name":"eventBus"}}
{"__type":"$$EventMessageNode","id":"f089cd73-d5e8-4f2e-afad-235bf2aa9a2a","ts":"2025-10-18T02:14:27.732+00:00","eventName":"n8n.node.started","message":"n8n.node.started","payload":{"workflowId":"QNPcEcqV6ViwB1pi","workflowName":"My workflow","executionId":"2","nodeType":"n8n-nodes-base.manualTrigger","nodeName":"When clicking ‘Execute workflow’","nodeId":"da98bb48-4f46-45ef-8c3d-937d7296c0d6"}}
{"__type":"$$EventMessageConfirm","confirm":"f089cd73-d5e8-4f2e-afad-235bf2aa9a2a","ts":"2025-10-18T02:14:27.733+00:00","source":{"id":"0","name":"eventBus"}}
{"__type":"$$EventMessageNode","id":"3ee28e92-c84a-4c17-aeb2-d237e2603ddd","ts":"2025-10-18T02:14:27.810+00:00","eventName":"n8n.node.finished","message":"n8n.node.finished","payload":{"workflowId":"QNPcEcqV6ViwB1pi","workflowName":"My workflow","executionId":"2","nodeType":"n8n-nodes-base.manualTrigger","nodeName":"When clicking ‘Execute workflow’","nodeId":"da98bb48-4f46-45ef-8c3d-937d7296c0d6"}}
{"__type":"$$EventMessageConfirm","confirm":"3ee28e92-c84a-4c17-aeb2-d237e2603ddd","ts":"2025-10-18T02:14:27.811+00:00","source":{"id":"0","name":"eventBus"}}
{"__type":"$$EventMessageNode","id":"e889d1bc-6bc3-420a-884b-9e8d3e2e5653","ts":"2025-10-18T02:14:27.812+00:00","eventName":"n8n.node.started","message":"n8n.node.started","payload":{"workflowId":"QNPcEcqV6ViwB1pi","workflowName":"My workflow","executionId":"2","nodeType":"n8n-nodes-base.httpRequest","nodeName":"HTTP Request","nodeId":"5695162d-7897-4752-8a3d-49f41acf1c39"}}
{"__type":"$$EventMessageConfirm","confirm":"e889d1bc-6bc3-420a-884b-9e8d3e2e5653","ts":"2025-10-18T02:14:27.812+00:00","source":{"id":"0","name":"eventBus"}}
{"__type":"$$EventMessageWorkflow","id":"54bdb9f5-012b-4815-bbdb-80b9bcbd8644","ts":"2025-10-18T02:14:28.315+00:00","eventName":"n8n.workflow.started","message":"n8n.workflow.started","payload":{"executionId":"3","workflowId":"1v2FRqPItcVtGRvX","isManual":false,"workflowName":"My workflow"}}
{"__type":"$$EventMessageConfirm","confirm":"54bdb9f5-012b-4815-bbdb-80b9bcbd8644","ts":"2025-10-18T02:14:28.315+00:00","source":{"id":"0","name":"eventBus"}}
{"__type":"$$EventMessageNode","id":"5b0dc81d-4beb-44ba-b72a-a8997f75f54d","ts":"2025-10-18T02:14:28.317+00:00","eventName":"n8n.node.started","message":"n8n.node.started","payload":{"workflowId":"1v2FRqPItcVtGRvX","workflowName":"My workflow","executionId":"3","nodeType":"n8n-nodes-base.manualTrigger","nodeName":"When clicking ‘Execute workflow’","nodeId":"da98bb48-4f46-45ef-8c3d-937d7296c0d6"}}
{"__type":"$$EventMessageConfirm","confirm":"5b0dc81d-4beb-44ba-b72a-a8997f75f54d","ts":"2025-10-18T02:14:28.317+00:00","source":{"id":"0","name":"eventBus"}}
{"__type":"$$EventMessageNode","id":"582b6852-fcb1-4d50-a620-6ed083c2148b","ts":"2025-10-18T02:14:28.319+00:00","eventName":"n8n.node.finished","message":"n8n.node.finished","payload":{"workflowId":"1v2FRqPItcVtGRvX","workflowName":"My workflow","executionId":"3","nodeType":"n8n-nodes-base.manualTrigger","nodeName":"When clicking ‘Execute workflow’","nodeId":"da98bb48-4f46-45ef-8c3d-937d7296c0d6"}}
{"__type":"$$EventMessageConfirm","confirm":"582b6852-fcb1-4d50-a620-6ed083c2148b","ts":"2025-10-18T02:14:28.319+00:00","source":{"id":"0","name":"eventBus"}}
{"__type":"$$EventMessageNode","id":"01d7345a-b399-4cc5-be27-974c17731dce","ts":"2025-10-18T02:14:28.354+00:00","eventName":"n8n.node.started","message":"n8n.node.started","payload":{"workflowId":"1v2FRqPItcVtGRvX","workflowName":"My workflow","executionId":"3","nodeType":"n8n-nodes-base.httpRequest","nodeName":"HTTP Request","nodeId":"5695162d-7897-4752-8a3d-49f41acf1c39"}}
{"__type":"$$EventMessageConfirm","confirm":"01d7345a-b399-4cc5-be27-974c17731dce","ts":"2025-10-18T02:14:28.355+00:00","source":{"id":"0","name":"eventBus"}}
{"__type":"$$EventMessageNode","id":"c166e14a-e878-4afd-bb38-2dc6bdaa6668","ts":"2025-10-18T02:14:29.350+00:00","eventName":"n8n.node.finished","message":"n8n.node.finished","payload":{"workflowId":"QNPcEcqV6ViwB1pi","workflowName":"My workflow","executionId":"2","nodeType":"n8n-nodes-base.httpRequest","nodeName":"HTTP Request","nodeId":"5695162d-7897-4752-8a3d-49f41acf1c39"}}
{"__type":"$$EventMessageConfirm","confirm":"c166e14a-e878-4afd-bb38-2dc6bdaa6668","ts":"2025-10-18T02:14:29.351+00:00","source":{"id":"0","name":"eventBus"}}
{"__type":"$$EventMessageWorkflow","id":"fd9c8010-1c00-446a-bf99-e76b34e33d26","ts":"2025-10-18T02:14:29.424+00:00","eventName":"n8n.workflow.failed","message":"n8n.workflow.failed","payload":{"userId":"1e412a57-6539-490b-86bb-e932f96cf893","executionId":"2","success":false,"isManual":true,"workflowId":"QNPcEcqV6ViwB1pi","workflowName":"My workflow","lastNodeExecuted":"HTTP Request","errorNodeType":"n8n-nodes-base.httpRequest","errorMessage":"The service refused the connection - perhaps it is offline"}}
{"__type":"$$EventMessageConfirm","confirm":"fd9c8010-1c00-446a-bf99-e76b34e33d26","ts":"2025-10-18T02:14:29.424+00:00","source":{"id":"0","name":"eventBus"}}
{"__type":"$$EventMessageWorkflow","id":"ef7d7fcf-47d3-404b-b0de-96aa2509686b","ts":"2025-10-18T02:14:29.439+00:00","eventName":"n8n.workflow.started","message":"n8n.workflow.started","payload":{"executionId":"4","workflowId":"WL1BB7PonEyYx37W","isManual":false,"workflowName":"My workflow"}}
{"__type":"$$EventMessageConfirm","confirm":"ef7d7fcf-47d3-404b-b0de-96aa2509686b","ts":"2025-10-18T02:14:29.439+00:00","source":{"id":"0","name":"eventBus"}}
{"__type":"$$EventMessageNode","id":"0487b758-9f04-44da-a8b1-d17399b1bdb9","ts":"2025-10-18T02:14:29.440+00:00","eventName":"n8n.node.started","message":"n8n.node.started","payload":{"workflowId":"WL1BB7PonEyYx37W","workflowName":"My workflow","executionId":"4","nodeType":"n8n-nodes-base.manualTrigger","nodeName":"When clicking ‘Execute workflow’","nodeId":"da98bb48-4f46-45ef-8c3d-937d7296c0d6"}}
{"__type":"$$EventMessageConfirm","confirm":"0487b758-9f04-44da-a8b1-d17399b1bdb9","ts":"2025-10-18T02:14:29.440+00:00","source":{"id":"0","name":"eventBus"}}
{"__type":"$$EventMessageNode","id":"fd333fd1-eb1b-412e-a359-befb32560046","ts":"2025-10-18T02:14:29.454+00:00","eventName":"n8n.node.finished","message":"n8n.node.finished","payload":{"workflowId":"WL1BB7PonEyYx37W","workflowName":"My workflow","executionId":"4","nodeType":"n8n-nodes-base.manualTrigger","nodeName":"When clicking ‘Execute workflow’","nodeId":"da98bb48-4f46-45ef-8c3d-937d7296c0d6"}}
{"__type":"$$EventMessageConfirm","confirm":"fd333fd1-eb1b-412e-a359-befb32560046","ts":"2025-10-18T02:14:29.454+00:00","source":{"id":"0","name":"eventBus"}}
{"__type":"$$EventMessageNode","id":"8170dc9c-bb43-4e17-84a8-b4253fec59c2","ts":"2025-10-18T02:14:29.455+00:00","eventName":"n8n.node.started","message":"n8n.node.started","payload":{"workflowId":"WL1BB7PonEyYx37W","workflowName":"My workflow","executionId":"4","nodeType":"n8n-nodes-base.httpRequest","nodeName":"HTTP Request","nodeId":"5695162d-7897-4752-8a3d-49f41acf1c39"}}
{"__type":"$$EventMessageConfirm","confirm":"8170dc9c-bb43-4e17-84a8-b4253fec59c2","ts":"2025-10-18T02:14:29.455+00:00","source":{"id":"0","name":"eventBus"}}
{"__type":"$$EventMessageNode","id":"983056c5-88a8-4e95-9343-f0206e8dd84d","ts":"2025-10-18T02:14:29.705+00:00","eventName":"n8n.node.finished","message":"n8n.node.finished","payload":{"workflowId":"1v2FRqPItcVtGRvX","workflowName":"My workflow","executionId":"3","nodeType":"n8n-nodes-base.httpRequest","nodeName":"HTTP Request","nodeId":"5695162d-7897-4752-8a3d-49f41acf1c39"}}
{"__type":"$$EventMessageConfirm","confirm":"983056c5-88a8-4e95-9343-f0206e8dd84d","ts":"2025-10-18T02:14:29.705+00:00","source":{"id":"0","name":"eventBus"}}
{"__type":"$$EventMessageWorkflow","id":"aa099fc5-250e-4da1-ba45-e99cf2b3bcd3","ts":"2025-10-18T02:14:29.714+00:00","eventName":"n8n.workflow.failed","message":"n8n.workflow.failed","payload":{"userId":"1e412a57-6539-490b-86bb-e932f96cf893","executionId":"3","success":false,"isManual":true,"workflowId":"1v2FRqPItcVtGRvX","workflowName":"My workflow","lastNodeExecuted":"HTTP Request","errorNodeType":"n8n-nodes-base.httpRequest","errorMessage":"The service refused the connection - perhaps it is offline"}}
{"__type":"$$EventMessageConfirm","confirm":"aa099fc5-250e-4da1-ba45-e99cf2b3bcd3","ts":"2025-10-18T02:14:29.714+00:00","source":{"id":"0","name":"eventBus"}}
{"__type":"$$EventMessageNode","id":"b703dcc1-d025-4597-b95d-be26d5af3cdb","ts":"2025-10-18T02:14:29.814+00:00","eventName":"n8n.node.finished","message":"n8n.node.finished","payload":{"workflowId":"WL1BB7PonEyYx37W","workflowName":"My workflow","executionId":"4","nodeType":"n8n-nodes-base.httpRequest","nodeName":"HTTP Request","nodeId":"5695162d-7897-4752-8a3d-49f41acf1c39"}}
{"__type":"$$EventMessageConfirm","confirm":"b703dcc1-d025-4597-b95d-be26d5af3cdb","ts":"2025-10-18T02:14:29.814+00:00","source":{"id":"0","name":"eventBus"}}
{"__type":"$$EventMessageWorkflow","id":"df9b6260-866a-469d-8aa8-25a4798d2016","ts":"2025-10-18T02:14:29.856+00:00","eventName":"n8n.workflow.failed","message":"n8n.workflow.failed","payload":{"userId":"1e412a57-6539-490b-86bb-e932f96cf893","executionId":"4","success":false,"isManual":true,"workflowId":"WL1BB7PonEyYx37W","workflowName":"My workflow","lastNodeExecuted":"HTTP Request","errorNodeType":"n8n-nodes-base.httpRequest","errorMessage":"The service refused the connection - perhaps it is offline"}}
{"__type":"$$EventMessageConfirm","confirm":"df9b6260-866a-469d-8aa8-25a4798d2016","ts":"2025-10-18T02:14:29.856+00:00","source":{"id":"0","name":"eventBus"}}
{"__type":"$$EventMessageWorkflow","id":"f3d6edbc-b54a-4da4-bae9-562277d3dcfa","ts":"2025-10-18T02:18:55.283+00:00","eventName":"n8n.workflow.started","message":"n8n.workflow.started","payload":{"executionId":"5","workflowId":"1v2FRqPItcVtGRvX","isManual":false,"workflowName":"My workflow"}}
{"__type":"$$EventMessageConfirm","confirm":"f3d6edbc-b54a-4da4-bae9-562277d3dcfa","ts":"2025-10-18T02:18:55.298+00:00","source":{"id":"0","name":"eventBus"}}
{"__type":"$$EventMessageNode","id":"d4ae730a-4953-4d49-8f51-d3f5b5b41791","ts":"2025-10-18T02:18:55.303+00:00","eventName":"n8n.node.started","message":"n8n.node.started","payload":{"workflowId":"1v2FRqPItcVtGRvX","workflowName":"My workflow","executionId":"5","nodeType":"n8n-nodes-base.manualTrigger","nodeName":"When clicking ‘Execute workflow’","nodeId":"da98bb48-4f46-45ef-8c3d-937d7296c0d6"}}
{"__type":"$$EventMessageConfirm","confirm":"d4ae730a-4953-4d49-8f51-d3f5b5b41791","ts":"2025-10-18T02:18:55.303+00:00","source":{"id":"0","name":"eventBus"}}
{"__type":"$$EventMessageNode","id":"33fd28a5-e054-46b0-89ce-c2303f9d5758","ts":"2025-10-18T02:18:55.369+00:00","eventName":"n8n.node.finished","message":"n8n.node.finished","payload":{"workflowId":"1v2FRqPItcVtGRvX","workflowName":"My workflow","executionId":"5","nodeType":"n8n-nodes-base.manualTrigger","nodeName":"When clicking ‘Execute workflow’","nodeId":"da98bb48-4f46-45ef-8c3d-937d7296c0d6"}}
{"__type":"$$EventMessageConfirm","confirm":"33fd28a5-e054-46b0-89ce-c2303f9d5758","ts":"2025-10-18T02:18:55.369+00:00","source":{"id":"0","name":"eventBus"}}
{"__type":"$$EventMessageNode","id":"86713a39-257a-43e1-9df9-fabdaecf72b8","ts":"2025-10-18T02:18:55.373+00:00","eventName":"n8n.node.started","message":"n8n.node.started","payload":{"workflowId":"1v2FRqPItcVtGRvX","workflowName":"My workflow","executionId":"5","nodeType":"n8n-nodes-base.httpRequest","nodeName":"HTTP Request","nodeId":"5695162d-7897-4752-8a3d-49f41acf1c39"}}
{"__type":"$$EventMessageConfirm","confirm":"86713a39-257a-43e1-9df9-fabdaecf72b8","ts":"2025-10-18T02:18:55.373+00:00","source":{"id":"0","name":"eventBus"}}
{"__type":"$$EventMessageNode","id":"289f2af6-4162-4ca6-8b68-b45383429378","ts":"2025-10-18T02:18:55.691+00:00","eventName":"n8n.node.finished","message":"n8n.node.finished","payload":{"workflowId":"1v2FRqPItcVtGRvX","workflowName":"My workflow","executionId":"5","nodeType":"n8n-nodes-base.httpRequest","nodeName":"HTTP Request","nodeId":"5695162d-7897-4752-8a3d-49f41acf1c39"}}
{"__type":"$$EventMessageConfirm","confirm":"289f2af6-4162-4ca6-8b68-b45383429378","ts":"2025-10-18T02:18:55.691+00:00","source":{"id":"0","name":"eventBus"}}
{"__type":"$$EventMessageWorkflow","id":"8c0def55-a8db-4a10-986b-4935623feb23","ts":"2025-10-18T02:18:55.725+00:00","eventName":"n8n.workflow.failed","message":"n8n.workflow.failed","payload":{"userId":"1e412a57-6539-490b-86bb-e932f96cf893","executionId":"5","success":false,"isManual":true,"workflowId":"1v2FRqPItcVtGRvX","workflowName":"My workflow","lastNodeExecuted":"HTTP Request","errorNodeType":"n8n-nodes-base.httpRequest","errorMessage":"The service refused the connection - perhaps it is offline"}}
{"__type":"$$EventMessageConfirm","confirm":"8c0def55-a8db-4a10-986b-4935623feb23","ts":"2025-10-18T02:18:55.725+00:00","source":{"id":"0","name":"eventBus"}}
{"__type":"$$EventMessageWorkflow","id":"374e730f-7288-4826-b61b-7ef56dd73796","ts":"2025-10-18T02:19:39.079+00:00","eventName":"n8n.workflow.started","message":"n8n.workflow.started","payload":{"executionId":"6","workflowId":"1v2FRqPItcVtGRvX","isManual":false,"workflowName":"My workflow"}}
{"__type":"$$EventMessageConfirm","confirm":"374e730f-7288-4826-b61b-7ef56dd73796","ts":"2025-10-18T02:19:39.080+00:00","source":{"id":"0","name":"eventBus"}}
{"__type":"$$EventMessageNode","id":"46fbf5c6-7a6d-49f8-99bd-3ed47ae59ad7","ts":"2025-10-18T02:19:39.184+00:00","eventName":"n8n.node.started","message":"n8n.node.started","payload":{"workflowId":"1v2FRqPItcVtGRvX","workflowName":"My workflow","executionId":"6","nodeType":"n8n-nodes-base.httpRequest","nodeName":"HTTP Request","nodeId":"5695162d-7897-4752-8a3d-49f41acf1c39"}}
{"__type":"$$EventMessageConfirm","confirm":"46fbf5c6-7a6d-49f8-99bd-3ed47ae59ad7","ts":"2025-10-18T02:19:39.185+00:00","source":{"id":"0","name":"eventBus"}}
{"__type":"$$EventMessageNode","id":"99e3cc56-2210-4282-ad38-3fbf0c490c9b","ts":"2025-10-18T02:19:43.455+00:00","eventName":"n8n.node.finished","message":"n8n.node.finished","payload":{"workflowId":"1v2FRqPItcVtGRvX","workflowName":"My workflow","executionId":"6","nodeType":"n8n-nodes-base.httpRequest","nodeName":"HTTP Request","nodeId":"5695162d-7897-4752-8a3d-49f41acf1c39"}}
{"__type":"$$EventMessageConfirm","confirm":"99e3cc56-2210-4282-ad38-3fbf0c490c9b","ts":"2025-10-18T02:19:43.456+00:00","source":{"id":"0","name":"eventBus"}}
{"__type":"$$EventMessageWorkflow","id":"e130f6d7-30c6-4e38-9c4e-c7b7370135ae","ts":"2025-10-18T02:19:43.651+00:00","eventName":"n8n.workflow.failed","message":"n8n.workflow.failed","payload":{"userId":"1e412a57-6539-490b-86bb-e932f96cf893","executionId":"6","success":false,"isManual":true,"workflowId":"1v2FRqPItcVtGRvX","workflowName":"My workflow","lastNodeExecuted":"HTTP Request","errorNodeType":"n8n-nodes-base.httpRequest","errorMessage":"The service refused the connection - perhaps it is offline"}}
{"__type":"$$EventMessageConfirm","confirm":"e130f6d7-30c6-4e38-9c4e-c7b7370135ae","ts":"2025-10-18T02:19:43.651+00:00","source":{"id":"0","name":"eventBus"}}
{"__type":"$$EventMessageWorkflow","id":"9402a59e-8c9a-4179-aa0d-973618dfec74","ts":"2025-10-18T02:23:29.590+00:00","eventName":"n8n.workflow.started","message":"n8n.workflow.started","payload":{"executionId":"7","workflowId":"1v2FRqPItcVtGRvX","isManual":false,"workflowName":"My workflow"}}
{"__type":"$$EventMessageConfirm","confirm":"9402a59e-8c9a-4179-aa0d-973618dfec74","ts":"2025-10-18T02:23:29.608+00:00","source":{"id":"0","name":"eventBus"}}
{"__type":"$$EventMessageNode","id":"c985ca40-26d8-4fff-9153-39eedafe056b","ts":"2025-10-18T02:23:29.903+00:00","eventName":"n8n.node.started","message":"n8n.node.started","payload":{"workflowId":"1v2FRqPItcVtGRvX","workflowName":"My workflow","executionId":"7","nodeType":"n8n-nodes-base.httpRequest","nodeName":"HTTP Request","nodeId":"5695162d-7897-4752-8a3d-49f41acf1c39"}}
{"__type":"$$EventMessageConfirm","confirm":"c985ca40-26d8-4fff-9153-39eedafe056b","ts":"2025-10-18T02:23:29.905+00:00","source":{"id":"0","name":"eventBus"}}
{"__type":"$$EventMessageNode","id":"eabbb810-5543-4185-9b84-edca7d2d7590","ts":"2025-10-18T02:23:46.606+00:00","eventName":"n8n.node.finished","message":"n8n.node.finished","payload":{"workflowId":"1v2FRqPItcVtGRvX","workflowName":"My workflow","executionId":"7","nodeType":"n8n-nodes-base.httpRequest","nodeName":"HTTP Request","nodeId":"5695162d-7897-4752-8a3d-49f41acf1c39"}}
{"__type":"$$EventMessageConfirm","confirm":"eabbb810-5543-4185-9b84-edca7d2d7590","ts":"2025-10-18T02:23:46.606+00:00","source":{"id":"0","name":"eventBus"}}
{"__type":"$$EventMessageWorkflow","id":"056e6a8a-bbff-4e1a-b84a-b8b287607c7c","ts":"2025-10-18T02:23:48.127+00:00","eventName":"n8n.workflow.success","message":"n8n.workflow.success","payload":{"userId":"1e412a57-6539-490b-86bb-e932f96cf893","executionId":"7","success":true,"isManual":true,"workflowId":"1v2FRqPItcVtGRvX","workflowName":"My workflow"}}
{"__type":"$$EventMessageConfirm","confirm":"056e6a8a-bbff-4e1a-b84a-b8b287607c7c","ts":"2025-10-18T02:23:48.128+00:00","source":{"id":"0","name":"eventBus"}}
{"__type":"$$EventMessageWorkflow","id":"0b7bbead-3ce6-4e72-95f2-18d91a133a76","ts":"2025-10-18T15:16:04.367+00:00","eventName":"n8n.workflow.started","message":"n8n.workflow.started","payload":{"executionId":"8","workflowId":"1v2FRqPItcVtGRvX","isManual":false,"workflowName":"My workflow"}}
{"__type":"$$EventMessageConfirm","confirm":"0b7bbead-3ce6-4e72-95f2-18d91a133a76","ts":"2025-10-18T15:16:04.551+00:00","source":{"id":"0","name":"eventBus"}}
{"__type":"$$EventMessageNode","id":"bb8d8fda-533b-4708-ab80-da90be8f034f","ts":"2025-10-18T15:16:04.597+00:00","eventName":"n8n.node.started","message":"n8n.node.started","payload":{"workflowId":"1v2FRqPItcVtGRvX","workflowName":"My workflow","executionId":"8","nodeType":"n8n-nodes-base.manualTrigger","nodeName":"When clicking ‘Execute workflow’","nodeId":"da98bb48-4f46-45ef-8c3d-937d7296c0d6"}}
{"__type":"$$EventMessageConfirm","confirm":"bb8d8fda-533b-4708-ab80-da90be8f034f","ts":"2025-10-18T15:16:04.602+00:00","source":{"id":"0","name":"eventBus"}}
{"__type":"$$EventMessageNode","id":"22e8fad5-2678-4f08-bd9a-08388a4b5add","ts":"2025-10-18T15:16:04.721+00:00","eventName":"n8n.node.finished","message":"n8n.node.finished","payload":{"workflowId":"1v2FRqPItcVtGRvX","workflowName":"My workflow","executionId":"8","nodeType":"n8n-nodes-base.manualTrigger","nodeName":"When clicking ‘Execute workflow’","nodeId":"da98bb48-4f46-45ef-8c3d-937d7296c0d6"}}
{"__type":"$$EventMessageConfirm","confirm":"22e8fad5-2678-4f08-bd9a-08388a4b5add","ts":"2025-10-18T15:16:04.722+00:00","source":{"id":"0","name":"eventBus"}}
{"__type":"$$EventMessageNode","id":"0c4c211a-2e68-457d-8c68-cb6024cfb643","ts":"2025-10-18T15:16:04.734+00:00","eventName":"n8n.node.started","message":"n8n.node.started","payload":{"workflowId":"1v2FRqPItcVtGRvX","workflowName":"My workflow","executionId":"8","nodeType":"n8n-nodes-base.httpRequest","nodeName":"HTTP Request","nodeId":"5695162d-7897-4752-8a3d-49f41acf1c39"}}
{"__type":"$$EventMessageConfirm","confirm":"0c4c211a-2e68-457d-8c68-cb6024cfb643","ts":"2025-10-18T15:16:04.734+00:00","source":{"id":"0","name":"eventBus"}}
{"__type":"$$EventMessageNode","id":"31cffb3a-b6a3-4ae2-8ae6-4e49118feeb9","ts":"2025-10-18T15:16:09.429+00:00","eventName":"n8n.node.finished","message":"n8n.node.finished","payload":{"workflowId":"1v2FRqPItcVtGRvX","workflowName":"My workflow","executionId":"8","nodeType":"n8n-nodes-base.httpRequest","nodeName":"HTTP Request","nodeId":"5695162d-7897-4752-8a3d-49f41acf1c39"}}
{"__type":"$$EventMessageConfirm","confirm":"31cffb3a-b6a3-4ae2-8ae6-4e49118feeb9","ts":"2025-10-18T15:16:09.429+00:00","source":{"id":"0","name":"eventBus"}}
{"__type":"$$EventMessageWorkflow","id":"5118209d-78a3-41f9-abf9-cb158d00fc7f","ts":"2025-10-18T15:16:09.863+00:00","eventName":"n8n.workflow.success","message":"n8n.workflow.success","payload":{"userId":"1e412a57-6539-490b-86bb-e932f96cf893","executionId":"8","success":true,"isManual":true,"workflowId":"1v2FRqPItcVtGRvX","workflowName":"My workflow"}}
{"__type":"$$EventMessageConfirm","confirm":"5118209d-78a3-41f9-abf9-cb158d00fc7f","ts":"2025-10-18T15:16:09.865+00:00","source":{"id":"0","name":"eventBus"}}
{"__type":"$$EventMessageAudit","id":"6dd2eae3-1632-4845-a7ab-e4102c367ac9","ts":"2025-10-18T19:08:13.136+00:00","eventName":"n8n.audit.user.login.success","message":"n8n.audit.user.login.success","payload":{"userId":"1e412a57-6539-490b-86bb-e932f96cf893","_email":"vss786952@gmail.com","_firstName":"Vitor","_lastName":"Santos","globalRole":"global:owner","authenticationMethod":"email"}}
{"__type":"$$EventMessageConfirm","confirm":"6dd2eae3-1632-4845-a7ab-e4102c367ac9","ts":"2025-10-18T19:08:13.177+00:00","source":{"id":"0","name":"eventBus"}}
{"__type":"$$EventMessageAudit","id":"17f98b70-62e0-4137-9895-936bfc5d06c5","ts":"2025-10-18T19:48:57.307+00:00","eventName":"n8n.audit.user.credentials.created","message":"n8n.audit.user.credentials.created","payload":{"userId":"1e412a57-6539-490b-86bb-e932f96cf893","_email":"vss786952@gmail.com","_firstName":"Vitor","_lastName":"Santos","globalRole":"global:owner","credentialType":"whatsAppApi","credentialId":"CFvaiUuYKE8qcubp","publicApi":false,"projectId":"LRaTTSuO9LytPt6Z","projectType":"personal"}}
{"__type":"$$EventMessageConfirm","confirm":"17f98b70-62e0-4137-9895-936bfc5d06c5","ts":"2025-10-18T19:48:57.373+00:00","source":{"id":"0","name":"eventBus"}}
{"__type":"$$EventMessageWorkflow","id":"76d61e3e-fc6c-4554-8173-6fc8c84ea7a0","ts":"2025-10-18T16:52:10.737-03:00","eventName":"n8n.workflow.failed","message":"n8n.workflow.failed","payload":{"userId":"1e412a57-6539-490b-86bb-e932f96cf893","executionId":"9","success":false,"isManual":true,"workflowId":"1v2FRqPItcVtGRvX","workflowName":"My workflow","errorMessage":"The workflow has issues and cannot be executed for that reason. Please fix them first."}}
{"__type":"$$EventMessageConfirm","confirm":"76d61e3e-fc6c-4554-8173-6fc8c84ea7a0","ts":"2025-10-18T16:52:10.791-03:00","source":{"id":"0","name":"eventBus"}}
{"__type":"$$EventMessageWorkflow","id":"45fd5540-d504-49d3-919c-ff1440b7428d","ts":"2025-10-18T16:55:24.360-03:00","eventName":"n8n.workflow.failed","message":"n8n.workflow.failed","payload":{"userId":"1e412a57-6539-490b-86bb-e932f96cf893","executionId":"10","success":false,"isManual":true,"workflowId":"1v2FRqPItcVtGRvX","workflowName":"My workflow","errorMessage":"The workflow has issues and cannot be executed for that reason. Please fix them first."}}
{"__type":"$$EventMessageConfirm","confirm":"45fd5540-d504-49d3-919c-ff1440b7428d","ts":"2025-10-18T16:55:24.513-03:00","source":{"id":"0","name":"eventBus"}}
{"__type":"$$EventMessageAudit","id":"2b7367cf-ad16-447c-b1eb-c4da20eb15a4","ts":"2025-10-18T16:57:20.090-03:00","eventName":"n8n.audit.user.credentials.updated","message":"n8n.audit.user.credentials.updated","payload":{"userId":"1e412a57-6539-490b-86bb-e932f96cf893","_email":"vss786952@gmail.com","_firstName":"Vitor","_lastName":"Santos","globalRole":"global:owner","credentialType":"whatsAppApi","credentialId":"CFvaiUuYKE8qcubp"}}
{"__type":"$$EventMessageConfirm","confirm":"2b7367cf-ad16-447c-b1eb-c4da20eb15a4","ts":"2025-10-18T16:57:20.120-03:00","source":{"id":"0","name":"eventBus"}}
{"__type":"$$EventMessageWorkflow","id":"2437f411-2d9c-44c1-a181-424af1c037f0","ts":"2025-10-18T16:58:01.661-03:00","eventName":"n8n.workflow.failed","message":"n8n.workflow.failed","payload":{"userId":"1e412a57-6539-490b-86bb-e932f96cf893","executionId":"11","success":false,"isManual":true,"workflowId":"1v2FRqPItcVtGRvX","workflowName":"My workflow","errorMessage":"The workflow has issues and cannot be executed for that reason. Please fix them first."}}
{"__type":"$$EventMessageConfirm","confirm":"2437f411-2d9c-44c1-a181-424af1c037f0","ts":"2025-10-18T16:58:01.672-03:00","source":{"id":"0","name":"eventBus"}}
{"__type":"$$EventMessageAudit","id":"badbc261-06a4-496c-9deb-476c7f0d1fef","ts":"2025-10-18T17:03:05.836-03:00","eventName":"n8n.audit.user.credentials.updated","message":"n8n.audit.user.credentials.updated","payload":{"userId":"1e412a57-6539-490b-86bb-e932f96cf893","_email":"vss786952@gmail.com","_firstName":"Vitor","_lastName":"Santos","globalRole":"global:owner","credentialType":"whatsAppApi","credentialId":"CFvaiUuYKE8qcubp"}}
{"__type":"$$EventMessageConfirm","confirm":"badbc261-06a4-496c-9deb-476c7f0d1fef","ts":"2025-10-18T17:03:06.187-03:00","source":{"id":"0","name":"eventBus"}}
{"__type":"$$EventMessageWorkflow","id":"23c6b8ed-a132-4953-b7ac-7d07beb4608e","ts":"2025-10-18T17:03:30.189-03:00","eventName":"n8n.workflow.failed","message":"n8n.workflow.failed","payload":{"userId":"1e412a57-6539-490b-86bb-e932f96cf893","executionId":"12","success":false,"isManual":true,"workflowId":"1v2FRqPItcVtGRvX","workflowName":"My workflow","errorMessage":"The workflow has issues and cannot be executed for that reason. Please fix them first."}}
{"__type":"$$EventMessageConfirm","confirm":"23c6b8ed-a132-4953-b7ac-7d07beb4608e","ts":"2025-10-18T17:03:30.191-03:00","source":{"id":"0","name":"eventBus"}}
